<?xml version="1.0" encoding="UTF-8"?>
<!-- Generated by org.testng.reporters.JUnitReportReporter -->
<testsuite hostname="DESKTOP-J4GD52D" failures="0" tests="2" name="SinaTag" time="29.606" errors="0" timestamp="2025-03-23T14:57:35 GMT+03:00" skipped="0">
  <testcase classname="SinaTag" name="sinabotton" time="11.330"/>
  <testcase classname="SinaTag" name="testScientificDrugs" time="18.276"/>
</testsuite> <!-- SinaTag -->
