<?xml version="1.0" encoding="UTF-8"?>
<!-- Generated by org.testng.reporters.JUnitReportReporter -->
<testsuite hostname="DESKTOP-J4GD52D" failures="0" tests="2" name="SinaTag" time="27.132" errors="0" timestamp="2025-03-22T15:35:23 GMT+03:00" skipped="0">
  <testcase classname="SinaTag" name="testScientificDrugs" time="18.616"/>
  <testcase classname="SinaTag" name="sinabotton" time="8.516"/>
</testsuite> <!-- SinaTag -->
